2015-06-28T12:08:18.970Z - error: Steam Error: 65
2015-06-28T12:08:43.354Z - info: Logged on to Steam
2015-06-28T12:08:43.372Z - info: Got new sentry file hash from Steam.  Saving.
2015-06-28T12:09:18.516Z - info: Logged on to Steam
2015-06-28T12:09:22.051Z - info: Logged into web
2015-06-28T12:09:53.856Z - info: Logged on to Steam
2015-06-28T12:09:57.878Z - info: Logged into web
2015-06-28T12:10:45.671Z - info: Logged on to Steam
2015-06-28T12:10:49.519Z - info: Logged into web
2015-06-28T12:13:34.144Z - info: Logged on to Steam
2015-06-28T12:15:39.402Z - info: Logged on to Steam
2015-06-28T12:15:42.107Z - info: Logged into web
2015-06-28T12:15:59.202Z - info: Logged on to Steam
2015-06-28T12:16:01.389Z - info: Logged into web
2015-06-28T12:17:24.254Z - info: Logged on to Steam
2015-06-28T12:17:27.352Z - info: Logged into web
2015-06-28T12:18:24.640Z - info: Logged on to Steam
2015-06-28T12:18:27.587Z - info: Logged into web
2015-06-28T12:18:39.087Z - info: Logged on to Steam
2015-06-28T12:18:42.736Z - info: Logged into web
2015-06-28T12:19:20.715Z - info: Logged on to Steam
2015-06-28T12:19:23.249Z - info: Logged into web
2015-06-28T12:20:14.636Z - info: Logged on to Steam
2015-06-28T12:20:18.643Z - info: Logged into web
2015-06-28T12:20:39.440Z - info: Logged on to Steam
2015-06-28T12:20:43.488Z - info: Logged into web
2015-06-28T12:22:14.985Z - info: Logged on to Steam
2015-06-28T12:22:18.994Z - info: Logged into web
2015-06-28T12:22:35.628Z - info: Logged on to Steam
2015-06-28T12:22:37.730Z - info: Logged into web
2015-06-28T12:22:57.992Z - info: Logged on to Steam
2015-06-28T12:23:01.479Z - info: Logged into web
2015-06-28T12:24:21.253Z - info: Logged on to Steam
2015-06-28T12:24:23.876Z - info: Logged into web
2015-06-28T12:24:55.871Z - info: Logged on to Steam
2015-06-28T12:24:59.627Z - info: Logged into web
2015-06-28T12:25:51.122Z - info: Logged on to Steam
2015-06-28T12:25:54.627Z - info: Logged into web
2015-06-28T13:24:07.770Z - info: Logged on to Steam
2015-06-28T13:24:10.050Z - info: Logged into web
2015-06-28T13:24:52.833Z - info: Logged on to Steam
2015-06-28T13:24:58.552Z - info: Logged into web
2015-06-28T13:25:26.996Z - info: Logged on to Steam
2015-06-28T13:25:32.835Z - info: Logged on to Steam
2015-06-28T13:25:36.328Z - info: Logged into web
2015-06-28T13:26:12.892Z - info: Logged on to Steam
2015-06-28T13:26:16.567Z - info: Logged into web
2015-06-28T13:26:36.840Z - info: Logged on to Steam
2015-06-28T13:26:39.996Z - info: Logged into web
2015-06-28T13:27:21.836Z - info: Logged on to Steam
2015-06-28T13:27:25.166Z - info: Logged into web
2015-06-28T13:27:57.582Z - info: Logged on to Steam
2015-06-28T13:28:01.600Z - info: Logged into web
2015-06-28T13:29:03.437Z - info: Logged on to Steam
2015-06-28T13:29:05.891Z - info: Logged into web
2015-06-28T13:29:37.478Z - info: Logged on to Steam
2015-06-28T13:29:39.933Z - info: Logged into web
2015-06-28T13:29:52.448Z - info: Logged on to Steam
2015-06-28T13:29:57.525Z - info: Logged on to Steam
2015-06-28T13:30:12.781Z - info: Logged on to Steam
2015-06-28T13:30:15.597Z - info: Logged into web
2015-06-28T13:30:47.474Z - info: Logged on to Steam
2015-06-28T13:30:53.239Z - info: Logged into web
2015-06-28T13:31:27.375Z - info: Logged on to Steam
2015-06-28T13:31:32.412Z - info: Logged on to Steam
2015-06-28T13:31:36.503Z - info: Logged into web
2015-06-28T13:33:43.460Z - info: Logged on to Steam
2015-06-28T13:34:02.601Z - info: Logged on to Steam
2015-06-28T13:34:24.215Z - info: Logged on to Steam
2015-06-28T13:34:30.032Z - info: Logged on to Steam
2015-06-28T13:34:32.423Z - info: Logged into web
2015-06-28T13:35:32.638Z - info: Logged on to Steam
2015-06-28T13:35:34.900Z - info: Logged into web
2015-06-28T13:35:38.076Z - info: Logged on to Steam
2015-06-28T13:35:41.405Z - info: Logged into web
2015-06-28T13:35:47.741Z - info: Logged on to Steam
2015-06-28T13:35:53.147Z - info: Logged on to Steam
2015-06-28T13:35:56.989Z - info: Logged into web
2015-06-28T13:36:24.796Z - info: Logged on to Steam
2015-06-28T13:36:27.329Z - info: Logged into web
2015-06-28T13:37:13.774Z - info: Logged on to Steam
2015-06-28T13:37:18.949Z - info: Logged on to Steam
2015-06-28T13:37:22.901Z - info: Logged into web
2015-06-28T13:37:38.145Z - info: Logged on to Steam
2015-06-28T13:37:42.187Z - info: Logged into web
2015-06-28T13:38:34.943Z - info: Logged on to Steam
2015-06-28T13:38:38.007Z - info: Logged into web
2015-06-28T13:40:23.339Z - info: Logged on to Steam
2015-06-28T13:40:27.366Z - info: Logged into web
2015-06-28T13:40:33.423Z - info: Logged on to Steam
2015-06-28T13:40:35.773Z - info: Logged into web
2015-06-28T13:40:49.939Z - info: Logged on to Steam
2015-06-28T13:40:52.362Z - info: Logged into web
2015-06-28T13:41:03.107Z - info: Logged on to Steam
2015-06-28T13:41:05.434Z - info: Logged into web
2015-06-28T13:41:53.323Z - info: Logged on to Steam
2015-06-28T13:41:56.138Z - info: Logged into web
2015-06-28T13:42:05.019Z - info: Logged on to Steam
2015-06-28T13:42:08.621Z - info: Logged into web
2015-06-28T13:42:19.195Z - info: Logged on to Steam
2015-06-28T13:42:21.594Z - info: Logged into web
2015-06-28T13:42:44.851Z - info: Logged on to Steam
2015-06-28T13:42:47.229Z - info: Logged into web
2015-06-28T13:43:00.409Z - info: Logged on to Steam
2015-06-28T13:43:03.824Z - info: Logged into web
2015-06-28T13:43:18.232Z - info: Logged on to Steam
2015-06-28T13:43:21.182Z - info: Logged into web
2015-06-28T13:43:49.160Z - info: Logged on to Steam
2015-06-28T13:43:52.420Z - info: Logged into web
2015-06-28T13:43:59.682Z - info: Logged on to Steam
2015-06-28T13:44:03.324Z - info: Logged into web
2015-06-28T13:44:15.214Z - info: Logged on to Steam
2015-06-28T13:44:18.480Z - info: Logged into web
2015-06-28T13:45:39.088Z - info: Logged on to Steam
2015-06-28T13:45:42.867Z - info: Logged into web
2015-06-28T13:45:49.649Z - info: Logged on to Steam
2015-06-28T13:45:53.775Z - info: Logged on to Steam
2015-06-28T13:45:55.922Z - info: Logged into web
2015-06-28T13:46:33.522Z - info: Logged on to Steam
2015-06-28T13:46:36.482Z - info: Logged into web
2015-06-28T13:47:09.549Z - info: Logged on to Steam
2015-06-28T13:47:13.335Z - info: Logged into web
2015-06-28T13:47:19.003Z - info: Logged on to Steam
2015-06-28T13:47:23.684Z - info: Logged on to Steam
2015-06-28T13:47:26.082Z - info: Logged into web
2015-06-28T13:47:33.638Z - info: Logged on to Steam
2015-06-28T13:48:39.178Z - info: Logged on to Steam
2015-06-28T13:48:42.379Z - info: Logged into web
2015-06-28T13:49:21.074Z - info: Logged on to Steam
2015-06-28T13:49:23.176Z - info: Logged into web
2015-06-28T14:32:42.622Z - info: Logged on to Steam
2015-06-28T14:32:46.503Z - info: Logged into web
2015-06-28T14:33:07.836Z - info: Logged on to Steam
2015-06-28T14:33:10.251Z - info: Logged into web
2015-06-28T14:34:37.578Z - info: Logged on to Steam
2015-06-28T14:34:40.902Z - info: Logged into web
2015-06-28T14:35:43.115Z - info: Logged on to Steam
2015-06-28T14:35:46.195Z - info: Logged into web
2015-06-28T14:36:17.889Z - info: Logged on to Steam
2015-06-28T14:36:23.117Z - info: Logged on to Steam
2015-06-28T14:36:27.385Z - info: Logged on to Steam
2015-06-28T14:36:29.183Z - info: Logged into web
2015-06-28T14:36:53.133Z - info: Logged on to Steam
2015-06-28T14:36:56.938Z - info: Logged into web
2015-06-28T14:37:18.101Z - info: Logged on to Steam
2015-06-28T14:37:22.274Z - info: Logged into web
2015-06-28T14:38:23.362Z - info: Logged on to Steam
2015-06-28T14:38:26.264Z - info: Logged into web
2015-06-28T14:38:44.385Z - info: Logged on to Steam
2015-06-28T14:38:47.838Z - info: Logged into web
2015-06-28T14:39:23.245Z - info: Logged on to Steam
2015-06-28T14:39:28.079Z - info: Logged on to Steam
2015-06-28T14:39:31.541Z - info: Logged into web
2015-06-28T14:39:48.149Z - info: Logged on to Steam
2015-06-28T14:39:50.631Z - info: Logged into web
2015-06-28T14:39:59.150Z - info: Logged on to Steam
2015-06-28T14:40:04.045Z - info: Logged on to Steam
2015-06-28T14:40:06.229Z - info: Logged into web
2015-06-28T14:40:40.292Z - info: Logged on to Steam
2015-06-28T14:40:44.366Z - info: Logged into web
2015-06-28T14:41:04.309Z - info: Logged on to Steam
2015-06-28T14:41:07.076Z - info: Logged into web
2015-06-28T14:41:39.248Z - info: Logged on to Steam
2015-06-28T14:41:41.520Z - info: Logged into web
2015-06-28T14:42:10.177Z - info: Logged on to Steam
2015-06-28T14:42:13.184Z - info: Logged into web
2015-06-28T14:43:08.138Z - info: Logged on to Steam
2015-06-28T14:43:32.193Z - info: Logged on to Steam
2015-06-28T14:44:11.944Z - info: Logged on to Steam
2015-06-28T14:44:14.804Z - info: Logged into web
2015-06-28T14:44:26.947Z - info: Logged on to Steam
2015-06-28T14:44:29.712Z - info: Logged into web
2015-06-28T14:44:47.002Z - info: Logged on to Steam
2015-06-28T14:44:51.014Z - info: Logged into web
2015-06-28T14:44:56.909Z - info: Logged on to Steam
2015-06-28T14:45:11.598Z - info: Logged on to Steam
2015-06-28T14:45:13.910Z - info: Logged into web
2015-06-28T14:49:12.607Z - info: Logged on to Steam
2015-06-28T14:49:14.910Z - info: Logged into web
2015-06-28T15:52:47.738Z - info: Logged on to Steam
2015-06-28T15:52:51.236Z - info: Logged into web
2015-06-28T15:54:23.134Z - info: Logged on to Steam
2015-06-28T15:54:58.117Z - info: Logged on to Steam
2015-06-28T15:55:18.832Z - info: Logged on to Steam
2015-06-28T15:55:23.018Z - info: Logged into web
2015-06-28T15:55:45.760Z - info: Logged on to Steam
2015-06-28T15:55:48.384Z - info: Logged into web
2015-06-28T15:58:38.260Z - info: Logged on to Steam
2015-06-28T15:58:41.527Z - info: Logged into web
2015-06-28T15:58:48.413Z - info: Logged on to Steam
2015-06-28T15:58:52.073Z - info: Logged into web
2015-06-28T15:59:03.462Z - info: Logged on to Steam
2015-06-28T15:59:07.205Z - info: Logged into web
2015-06-28T15:59:18.287Z - info: Logged on to Steam
2015-06-28T15:59:22.082Z - info: Logged into web
2015-06-28T15:59:28.438Z - info: Logged on to Steam
2015-06-28T15:59:30.755Z - info: Logged into web
2015-06-28T15:59:40.403Z - info: Logged on to Steam
2015-06-28T16:00:08.188Z - info: Logged on to Steam
2015-06-28T16:00:11.525Z - info: Logged into web
2015-06-28T16:00:48.495Z - info: Logged on to Steam
2015-06-28T16:00:53.797Z - info: Logged on to Steam
2015-06-28T16:01:53.112Z - info: Logged on to Steam
2015-06-28T16:01:55.967Z - info: Logged into web
2015-06-28T16:02:03.770Z - info: Logged on to Steam
2015-06-28T16:02:08.455Z - info: Logged on to Steam
2015-06-28T16:02:10.507Z - info: Logged into web
2015-06-28T16:02:39.558Z - info: Logged on to Steam
2015-06-28T16:02:44.385Z - info: Logged on to Steam
2015-06-28T16:02:48.822Z - info: Logged on to Steam
2015-06-28T16:02:54.870Z - info: Logged on to Steam
2015-06-28T16:02:58.556Z - info: Logged on to Steam
2015-06-28T16:03:05.995Z - info: Logged on to Steam
2015-06-28T16:03:09.956Z - info: Logged into web
2015-06-28T16:03:13.967Z - info: Logged on to Steam
2015-06-28T16:03:16.386Z - info: Logged into web
2015-06-28T16:03:29.025Z - info: Logged on to Steam
2015-06-28T16:03:31.528Z - info: Logged into web
2015-06-28T16:04:04.126Z - info: Logged on to Steam
2015-06-28T16:04:08.168Z - info: Logged into web
2015-06-28T16:04:33.834Z - info: Logged on to Steam
2015-06-28T16:05:26.746Z - info: Logged on to Steam
2015-06-28T16:05:30.318Z - info: Logged into web
2015-06-28T16:05:39.090Z - info: Logged on to Steam
2015-06-28T16:05:46.635Z - info: Logged on to Steam
2015-06-28T16:05:48.924Z - info: Logged into web
2015-06-28T16:06:48.560Z - info: Logged on to Steam
2015-06-28T16:06:52.139Z - info: Logged into web
2015-06-28T16:06:59.625Z - info: Logged on to Steam
2015-06-28T16:07:02.367Z - info: Logged into web
2015-06-28T16:08:04.220Z - info: Logged on to Steam
2015-06-28T16:08:06.710Z - info: Logged into web
2015-06-28T16:08:50.243Z - info: Logged on to Steam
2015-06-28T16:08:54.369Z - info: Logged into web
2015-06-28T16:08:59.037Z - info: Logged on to Steam
2015-06-28T16:09:02.683Z - info: Logged into web
2015-06-28T16:09:19.182Z - info: Logged on to Steam
2015-06-28T16:09:22.286Z - info: Logged into web
2015-06-28T16:09:39.995Z - info: Logged on to Steam
2015-06-28T16:09:43.565Z - info: Logged into web
2015-06-28T16:09:49.453Z - info: Logged on to Steam
2015-06-28T16:09:51.955Z - info: Logged into web
2015-06-28T16:10:14.738Z - info: Logged on to Steam
2015-06-28T16:10:18.773Z - info: Logged into web
2015-06-28T16:12:49.429Z - info: Logged on to Steam
2015-06-28T16:12:52.831Z - info: Logged on to Steam
2015-06-28T16:12:56.160Z - info: Logged into web
2015-06-28T16:13:24.803Z - info: Logged on to Steam
2015-06-28T16:13:28.339Z - info: Logged into web
2015-06-28T16:13:36.126Z - info: Logged on to Steam
2015-06-28T16:13:38.662Z - info: Logged into web
2015-06-28T16:13:44.420Z - info: Logged on to Steam
2015-06-28T16:13:47.341Z - info: Logged into web
2015-06-28T16:14:04.705Z - info: Logged on to Steam
2015-06-28T16:14:08.517Z - info: Logged into web
2015-06-28T16:14:20.275Z - info: Logged on to Steam
2015-06-28T16:14:23.553Z - info: Logged into web
2015-06-28T16:14:39.851Z - info: Logged on to Steam
2015-06-28T16:14:44.724Z - info: Logged on to Steam
2015-06-28T16:14:47.553Z - info: Logged into web
2015-06-28T16:15:00.484Z - info: Logged on to Steam
2015-06-28T16:15:03.244Z - info: Logged into web
2015-06-28T16:15:14.571Z - info: Logged on to Steam
2015-06-28T16:15:18.382Z - info: Logged into web
2015-06-28T16:15:40.230Z - info: Logged on to Steam
2015-06-28T16:15:44.048Z - info: Logged into web
2015-06-28T16:16:00.553Z - info: Logged on to Steam
2015-06-28T16:16:03.054Z - info: Logged into web
2015-06-28T16:16:14.783Z - info: Logged on to Steam
2015-06-28T16:16:17.960Z - info: Logged into web
2015-06-28T16:16:25.012Z - info: Logged on to Steam
2015-06-28T16:16:28.414Z - info: Logged into web
2015-06-28T16:16:45.150Z - info: Logged on to Steam
2015-06-28T16:16:47.833Z - info: Logged into web
2015-06-28T16:16:59.898Z - info: Logged on to Steam
2015-06-28T16:17:03.088Z - info: Logged into web
2015-06-28T16:22:15.761Z - info: Logged on to Steam
2015-06-28T16:22:19.883Z - info: Logged into web
2015-06-28T16:23:00.536Z - info: Logged on to Steam
2015-06-28T16:23:08.160Z - info: Logged on to Steam
2015-06-28T16:23:11.809Z - info: Logged into web
2015-06-28T16:23:56.070Z - info: Logged on to Steam
2015-06-28T16:23:59.956Z - info: Logged into web
2015-06-28T16:25:27.430Z - info: Logged on to Steam
2015-06-28T16:25:31.109Z - info: Logged into web
2015-06-28T16:25:40.402Z - info: Logged on to Steam
2015-06-28T16:25:43.984Z - info: Logged into web
2015-06-28T16:26:20.773Z - info: Logged on to Steam
2015-06-28T16:26:24.872Z - info: Logged into web
2015-06-28T16:26:30.798Z - info: Logged on to Steam
2015-06-28T16:26:33.031Z - info: Logged into web
2015-06-28T16:26:40.754Z - info: Logged on to Steam
2015-06-28T16:26:43.664Z - info: Logged into web
2015-06-28T16:26:48.065Z - info: Logged on to Steam
2015-06-28T16:26:51.932Z - info: Logged into web
2015-06-28T16:27:16.009Z - info: Logged on to Steam
2015-06-28T16:27:19.490Z - info: Logged into web
2015-06-28T16:27:40.637Z - info: Logged on to Steam
2015-06-28T16:27:45.925Z - info: Logged on to Steam
2015-06-28T16:27:49.642Z - info: Logged into web
2015-06-28T16:27:55.773Z - info: Logged on to Steam
2015-06-28T16:28:00.501Z - info: Logged into web
2015-06-28T16:28:16.171Z - info: Logged on to Steam
2015-06-28T16:28:18.831Z - info: Logged into web
2015-06-28T16:29:43.290Z - info: Logged on to Steam
2015-06-28T16:29:48.543Z - info: Logged on to Steam
2015-06-28T16:29:53.280Z - info: Logged into web
2015-06-28T16:30:07.219Z - info: Logged on to Steam
2015-06-28T16:30:10.655Z - info: Logged into web
2015-06-28T16:30:42.608Z - info: Logged on to Steam
2015-06-28T16:30:45.146Z - info: Logged into web
2015-06-28T16:31:52.525Z - info: Logged on to Steam
2015-06-28T16:31:55.808Z - info: Logged into web
2015-06-28T16:32:12.753Z - info: Logged on to Steam
2015-06-28T16:32:15.040Z - info: Logged into web
2015-06-28T16:51:04.902Z - info: Logged on to Steam
2015-06-28T16:51:07.787Z - info: Logged into web
2015-06-28T16:51:14.863Z - info: Logged on to Steam
2015-06-28T16:51:20.704Z - info: Logged on to Steam
2015-06-28T16:51:24.517Z - info: Logged into web
2015-06-28T16:59:05.688Z - info: Logged on to Steam
2015-06-28T16:59:09.785Z - info: Logged into web
2015-06-28T17:17:52.400Z - info: Logged on to Steam
2015-06-28T17:17:55.340Z - info: Logged into web
2015-06-28T17:18:16.493Z - info: Logged on to Steam
2015-06-28T17:18:19.054Z - info: Logged into web
2015-06-28T17:19:16.492Z - info: Logged on to Steam
2015-06-28T17:19:22.349Z - info: Logged on to Steam
2015-06-28T17:19:24.974Z - info: Logged into web
2015-06-28T17:20:12.619Z - info: Logged on to Steam
2015-06-28T17:20:16.578Z - info: Logged on to Steam
2015-06-28T17:20:21.900Z - info: Logged on to Steam
2015-06-28T17:20:25.859Z - info: Logged into web
2015-06-28T17:21:15.897Z - info: Logged on to Steam
2015-06-28T17:21:19.276Z - info: Logged into web
2015-06-28T17:21:37.706Z - info: Logged on to Steam
2015-06-28T17:21:40.710Z - info: Logged into web
2015-06-28T17:22:21.932Z - info: Logged on to Steam
2015-06-28T17:22:25.150Z - info: Logged into web
2015-06-28T17:22:46.996Z - info: Logged on to Steam
2015-06-28T17:22:50.823Z - info: Logged into web
2015-06-28T17:23:22.182Z - info: Logged on to Steam
2015-06-28T17:23:26.020Z - info: Logged into web
2015-06-28T17:24:06.702Z - info: Logged on to Steam
2015-06-28T17:24:12.141Z - info: Logged on to Steam
2015-06-28T17:24:14.609Z - info: Logged into web
2015-06-28T17:24:31.942Z - info: Logged on to Steam
2015-06-28T17:24:34.305Z - info: Logged into web
2015-06-28T17:32:26.080Z - info: Logged on to Steam
2015-06-28T17:32:26.111Z - info: Got new sentry file hash from Steam.  Saving.
2015-06-28T17:32:27.106Z - info: Logged into web
2015-06-28T21:56:58.103Z - info: Logged on to Steam
2015-06-28T21:56:59.222Z - info: Logged into web
2015-06-28T22:00:26.945Z - info: Logged on to Steam
2015-06-28T22:00:29.557Z - info: Logged into web
2015-06-28T22:01:26.135Z - info: Logged on to Steam
2015-06-28T22:01:27.439Z - info: Logged into web
2015-06-28T22:03:46.403Z - info: Logged on to Steam
2015-06-28T22:03:49.302Z - info: Logged into web
2015-06-28T22:05:17.754Z - info: Logged on to Steam
2015-06-28T22:05:19.508Z - info: Logged into web
2015-06-28T22:06:42.087Z - info: Logged on to Steam
2015-06-28T22:06:48.382Z - info: Logged on to Steam
2015-06-28T22:06:50.796Z - info: Logged into web
2015-06-28T22:08:47.134Z - info: Logged on to Steam
2015-06-28T22:08:50.641Z - info: Logged into web
2015-06-28T22:09:03.842Z - info: Logged on to Steam
2015-06-28T22:09:07.987Z - info: Logged into web
2015-06-28T22:11:18.212Z - info: Logged on to Steam
2015-06-28T22:11:22.249Z - info: Logged into web
2015-06-28T22:11:28.014Z - info: Logged on to Steam
2015-06-28T22:11:31.004Z - info: Logged into web
2015-06-28T22:13:53.262Z - info: Logged on to Steam
2015-06-28T22:13:55.390Z - info: Logged into web
2015-06-28T22:14:18.827Z - info: Logged on to Steam
2015-06-28T22:14:21.061Z - info: Logged into web
2015-06-28T22:16:27.753Z - info: Logged on to Steam
2015-06-28T22:16:30.818Z - info: Logged into web
2015-06-28T22:19:17.216Z - info: Logged on to Steam
2015-06-28T22:19:20.481Z - info: Logged into web
2015-06-28T22:19:52.252Z - info: Logged on to Steam
2015-06-28T22:19:55.828Z - info: Logged into web
2015-06-28T22:22:49.311Z - error: Steam Error: 5
2015-06-28T22:23:40.458Z - info: Logged on to Steam
2015-06-28T22:23:40.483Z - info: Got new sentry file hash from Steam.  Saving.
2015-06-28T22:23:42.790Z - info: Logged into web
2015-06-28T22:27:17.228Z - error: Steam Error: 5
2015-06-28T22:29:22.275Z - error: Steam Error: 65
2015-06-28T22:30:52.566Z - error: Steam Error: 5
2015-06-28T22:31:19.572Z - error: Steam Error: 65
2015-06-28T22:41:15.674Z - info: Logged on to Steam
2015-06-28T22:41:15.694Z - info: Got new sentry file hash from Steam.  Saving.
2015-06-28T22:41:18.882Z - info: Logged into web
2015-06-28T22:42:06.950Z - info: Logged on to Steam
2015-06-28T22:42:06.969Z - info: Got new sentry file hash from Steam.  Saving.
2015-06-28T22:42:09.871Z - info: Logged into web
2015-06-28T23:01:42.864Z - info: Logged on to Steam
2015-06-28T23:01:42.936Z - info: Got new sentry file hash from Steam.  Saving.
2015-06-28T23:01:45.585Z - info: Logged into web
2015-06-28T23:23:31.459Z - info: Logged on to Steam
2015-06-28T23:23:31.488Z - info: Got new sentry file hash from Steam.  Saving.
2015-06-28T23:23:34.303Z - info: Logged into web
2015-06-28T23:27:05.846Z - info: Logged on to Steam
2015-06-28T23:27:05.878Z - info: Got new sentry file hash from Steam.  Saving.
2015-06-28T23:27:09.934Z - info: Logged into web
2015-06-28T23:30:03.288Z - info: Logged off
2015-06-28T23:30:30.031Z - info: Logged on to Steam
2015-06-28T23:30:30.080Z - info: Got new sentry file hash from Steam.  Saving.
2015-06-28T23:30:31.098Z - info: Logged into web
2015-06-28T23:31:21.987Z - info: Logged off
2015-06-28T23:31:39.637Z - info: Logged on to Steam
2015-06-28T23:31:39.661Z - info: Got new sentry file hash from Steam.  Saving.
2015-06-28T23:31:43.031Z - info: Logged into web
2015-06-28T23:35:20.542Z - info: Logged on to Steam
2015-06-28T23:35:20.579Z - info: Got new sentry file hash from Steam.  Saving.
2015-06-28T23:35:24.336Z - info: Logged into web
2015-06-28T23:38:35.327Z - info: Logged on to Steam
2015-06-28T23:38:35.355Z - info: Got new sentry file hash from Steam.  Saving.
2015-06-28T23:38:37.660Z - info: Logged into web
2015-06-28T23:51:53.721Z - info: Logged on to Steam
2015-06-28T23:51:53.744Z - info: Got new sentry file hash from Steam.  Saving.
2015-06-28T23:51:56.910Z - info: Logged into web
2015-06-29T00:10:26.188Z - info: Logged on to Steam
2015-06-29T00:10:26.222Z - info: Got new sentry file hash from Steam.  Saving.
2015-06-29T00:10:30.174Z - info: Logged into web
2015-06-29T00:11:35.676Z - info: Logged on to Steam
2015-06-29T00:11:35.688Z - info: Got new sentry file hash from Steam.  Saving.
2015-06-29T00:11:39.831Z - info: Logged into web
2015-06-29T00:21:20.761Z - error: Steam Error: 5
2015-06-29T00:21:44.083Z - info: Logged on to Steam
2015-06-29T00:21:44.108Z - info: Got new sentry file hash from Steam.  Saving.
2015-06-29T00:21:46.338Z - info: Logged into web
2015-06-29T00:26:04.087Z - info: Logged on to Steam
2015-06-29T00:26:04.115Z - info: Got new sentry file hash from Steam.  Saving.
2015-06-29T00:26:07.453Z - info: Logged into web
2015-06-29T00:27:23.721Z - info: Logged on to Steam
2015-06-29T00:27:23.742Z - info: Got new sentry file hash from Steam.  Saving.
2015-06-29T00:27:27.605Z - info: Logged into web
2015-06-29T00:33:07.800Z - error: Steam Error: 5
2015-06-29T00:33:29.932Z - info: Logged on to Steam
2015-06-29T00:33:32.369Z - info: Logged into web
2015-06-29T00:36:21.239Z - info: Logged on to Steam
2015-06-29T00:36:24.366Z - info: Logged into web
2015-06-29T00:36:46.237Z - info: Logged off
2015-06-29T00:37:54.400Z - info: Logged on to Steam
2015-06-29T00:37:54.420Z - info: Got new sentry file hash from Steam.  Saving.
2015-06-29T00:37:56.712Z - info: Logged into web
2015-06-29T00:41:58.787Z - info: Logged off
2015-06-29T00:42:58.164Z - info: Logged on to Steam
2015-06-29T00:42:58.194Z - info: Got new sentry file hash from Steam.  Saving.
2015-06-29T00:43:00.610Z - info: Logged into web
2015-06-29T17:14:44.298Z - info: Logged on to Steam
2015-06-29T17:14:44.321Z - info: Got new sentry file hash from Steam.  Saving.
2015-06-29T17:14:48.276Z - info: Logged into web
2015-06-29T17:15:57.438Z - info: Logged off
2015-06-29T17:16:32.752Z - error: Steam Error: 5
2015-06-29T17:16:57.330Z - info: Logged on to Steam
2015-06-29T17:16:57.531Z - info: Got new sentry file hash from Steam.  Saving.
2015-06-29T17:17:00.600Z - info: Logged into web
2015-06-29T17:19:04.974Z - info: Logged on to Steam
2015-06-29T17:19:05.135Z - info: Got new sentry file hash from Steam.  Saving.
2015-06-29T17:19:08.677Z - info: Logged into web
2015-06-30T11:27:30.319Z - info: Logged on to Steam
2015-06-30T11:27:30.344Z - info: Got new sentry file hash from Steam.  Saving.
2015-06-30T11:27:34.119Z - info: Logged into web
2015-06-30T11:28:53.842Z - info: Logged on to Steam
2015-06-30T11:28:53.862Z - info: Got new sentry file hash from Steam.  Saving.
2015-06-30T11:28:56.664Z - info: Logged into web
2015-06-30T11:30:44.959Z - info: Logged on to Steam
2015-06-30T11:30:44.983Z - info: Got new sentry file hash from Steam.  Saving.
2015-06-30T11:30:48.952Z - info: Logged into web
2015-06-30T11:33:25.327Z - info: Logged on to Steam
2015-06-30T11:33:25.350Z - info: Got new sentry file hash from Steam.  Saving.
2015-06-30T11:33:29.453Z - info: Logged into web
2015-06-30T11:34:44.375Z - info: Logged on to Steam
2015-06-30T11:34:44.399Z - info: Got new sentry file hash from Steam.  Saving.
2015-06-30T11:34:47.058Z - info: Logged into web
2015-06-30T11:36:21.454Z - info: Logged on to Steam
2015-06-30T11:36:21.477Z - info: Got new sentry file hash from Steam.  Saving.
2015-06-30T11:36:24.598Z - info: Logged into web
2015-06-30T11:36:55.201Z - info: Logged off
2015-06-30T11:37:24.233Z - info: Logged on to Steam
2015-06-30T11:37:24.256Z - info: Got new sentry file hash from Steam.  Saving.
2015-06-30T11:37:27.895Z - info: Logged into web
2015-06-30T11:38:58.582Z - info: Logged off
2015-06-30T11:39:08.624Z - error: Steam Error: 5
2015-06-30T11:39:29.151Z - info: Logged on to Steam
2015-06-30T11:39:29.193Z - info: Got new sentry file hash from Steam.  Saving.
2015-06-30T11:39:32.513Z - info: Logged into web
2015-06-30T11:46:37.849Z - info: Logged on to Steam
2015-06-30T11:46:37.873Z - info: Got new sentry file hash from Steam.  Saving.
2015-06-30T11:46:41.875Z - info: Logged into web
2015-06-30T11:48:30.873Z - info: Logged on to Steam
2015-06-30T11:48:30.892Z - info: Got new sentry file hash from Steam.  Saving.
2015-06-30T11:48:34.172Z - info: Logged into web
2015-06-30T11:49:55.508Z - info: Logged on to Steam
2015-06-30T11:49:55.536Z - info: Got new sentry file hash from Steam.  Saving.
2015-06-30T11:49:58.051Z - info: Logged into web
2015-06-30T11:55:16.853Z - info: Logged off
2015-06-30T11:58:50.036Z - info: Logged on to Steam
2015-06-30T11:58:50.085Z - info: Got new sentry file hash from Steam.  Saving.
2015-06-30T11:58:51.913Z - info: Logged into web
2015-06-30T12:04:32.357Z - info: Logged on to Steam
2015-06-30T12:04:32.398Z - info: Got new sentry file hash from Steam.  Saving.
2015-06-30T12:04:35.511Z - info: Logged into web
2015-06-30T12:06:11.423Z - info: Logged on to Steam
2015-06-30T12:06:11.455Z - info: Got new sentry file hash from Steam.  Saving.
2015-06-30T12:06:14.247Z - info: Logged into web
2015-06-30T12:07:11.764Z - info: Logged on to Steam
2015-06-30T12:07:11.786Z - info: Got new sentry file hash from Steam.  Saving.
2015-06-30T12:07:14.892Z - info: Logged into web
2015-06-30T12:08:13.696Z - info: Logged on to Steam
2015-06-30T12:08:13.728Z - info: Got new sentry file hash from Steam.  Saving.
2015-06-30T12:08:17.205Z - info: Logged into web
2015-06-30T12:11:38.001Z - info: Logged on to Steam
2015-06-30T12:11:38.031Z - info: Got new sentry file hash from Steam.  Saving.
2015-06-30T12:11:41.231Z - info: Logged into web
2015-06-30T12:14:48.010Z - info: Logged on to Steam
2015-06-30T12:14:52.027Z - info: Logged into web
2015-06-30T12:18:39.694Z - info: Logged on to Steam
2015-06-30T12:18:41.878Z - info: Logged into web
2015-06-30T12:19:35.852Z - info: Logged on to Steam
2015-06-30T12:19:39.691Z - info: Logged into web
2015-06-30T12:20:54.847Z - info: Logged on to Steam
2015-06-30T12:20:57.193Z - info: Logged into web
2015-06-30T12:22:59.848Z - info: Logged on to Steam
2015-06-30T12:23:02.178Z - info: Logged into web
2015-06-30T12:27:21.212Z - info: Logged on to Steam
2015-06-30T12:27:24.771Z - info: Logged into web
2015-06-30T12:28:36.196Z - info: Logged on to Steam
2015-06-30T12:28:40.431Z - info: Logged into web
2015-06-30T12:29:29.300Z - info: Logged on to Steam
2015-06-30T12:29:31.774Z - info: Logged into web
2015-06-30T12:32:17.034Z - info: Logged on to Steam
2015-06-30T12:32:19.254Z - info: Logged into web
2015-06-30T12:36:12.372Z - info: Logged on to Steam
2015-06-30T12:36:16.603Z - info: Logged into web
2015-06-30T12:36:23.587Z - info: Logged off
2015-06-30T12:36:46.321Z - info: Logged off
2015-06-30T12:36:53.530Z - info: Logged off
2015-06-30T12:37:03.900Z - info: Logged off
2015-06-30T12:37:41.734Z - info: Logged on to Steam
2015-06-30T12:37:41.774Z - info: Got new sentry file hash from Steam.  Saving.
2015-06-30T12:37:45.878Z - info: Logged into web
2015-06-30T12:37:59.178Z - info: Logged off
2015-06-30T12:38:29.090Z - error: Steam Error: 56
2015-06-30T12:40:13.841Z - info: Logged on to Steam
2015-06-30T12:40:17.582Z - info: Logged into web
2015-06-30T12:48:07.734Z - info: Logged off
